<?xml version="1.0" encoding="UTF-8"?>
<!-- Generated by org.testng.reporters.JUnitReportReporter -->
<testsuite skipped="0" hostname="LAPTOP-QDDRDHJJ" name="sampleTest.AmazonTestApp" tests="1" failures="0" timestamp="21 Jan 2021 06:08:40 GMT" time="160.782" errors="0">
  <testcase name="productVerifyTest" time="160.782" classname="sampleTest.AmazonTestApp"/>
</testsuite> <!-- sampleTest.AmazonTestApp -->
