<?xml version="1.0" encoding="UTF-8"?>
<!-- Generated by org.testng.reporters.JUnitReportReporter -->
<testsuite skipped="0" hostname="LAPTOP-QDDRDHJJ" name="sampleTest.AmazonTestApp" tests="1" failures="0" timestamp="14 Jan 2021 07:18:38 GMT" time="42.796" errors="0">
  <testcase name="productCheckoutTest" time="42.796" classname="sampleTest.AmazonTestApp"/>
</testsuite> <!-- sampleTest.AmazonTestApp -->
